2026-02-17 13:09:11,323 | CLN_001.png | Pred: Others | Confidence: 0.9940
2026-02-17 13:09:11,603 | CLN_002.png | Pred: Clean | Confidence: 0.9241
2026-02-17 13:09:11,937 | CLN_003.png | Pred: Clean | Confidence: 0.5253
2026-02-17 13:09:12,214 | CLN_004.png | Pred: Others | Confidence: 0.4614
2026-02-17 13:09:12,872 | CLN_005.png | Pred: Others | Confidence: 0.9941
2026-02-17 13:09:13,006 | CLN_006.png | Pred: Others | Confidence: 0.8981
2026-02-17 13:09:13,121 | CLN_007.png | Pred: Others | Confidence: 0.9757
2026-02-17 13:09:13,206 | CLN_008.png | Pred: Others | Confidence: 0.8964
2026-02-17 13:09:13,287 | CLN_009.png | Pred: Others | Confidence: 0.9972
2026-02-17 13:09:13,387 | CLN_010.png | Pred: Flakes | Confidence: 0.4430
2026-02-17 13:09:13,526 | CLN_011.png | Pred: Flakes | Confidence: 0.9968
2026-02-17 13:09:13,613 | CLN_012.png | Pred: Others | Confidence: 0.9761
2026-02-17 13:09:13,684 | CLN_013.png | Pred: Residues | Confidence: 0.9720
2026-02-17 13:09:13,759 | CLN_014.png | Pred: Others | Confidence: 0.9777
2026-02-17 13:09:13,810 | CLN_015.png | Pred: Others | Confidence: 0.9995
2026-02-17 13:09:14,001 | CLN_016.png | Pred: Clean | Confidence: 0.9461
2026-02-17 13:09:14,081 | CLN_017.png | Pred: Others | Confidence: 0.9708
2026-02-17 13:09:14,155 | CLN_018.png | Pred: Others | Confidence: 0.9182
2026-02-17 13:09:14,220 | CLN_019.png | Pred: Others | Confidence: 0.9821
2026-02-17 13:09:14,301 | CLN_020.png | Pred: Others | Confidence: 0.9878
2026-02-17 13:09:14,359 | CLN_021.png | Pred: Others | Confidence: 0.9065
2026-02-17 13:09:14,423 | CLN_022.png | Pred: Others | Confidence: 0.5766
2026-02-17 13:09:14,510 | CLN_023.png | Pred: Residues | Confidence: 0.9647
2026-02-17 13:09:14,576 | CLN_024.png | Pred: Others | Confidence: 0.9822
2026-02-17 13:09:14,630 | CLN_025.png | Pred: Others | Confidence: 0.6153
2026-02-17 13:09:14,683 | CLN_026.png | Pred: Residues | Confidence: 0.9958
2026-02-17 13:09:14,762 | CLN_027.png | Pred: Others | Confidence: 0.9992
2026-02-17 13:09:14,833 | CLN_028.png | Pred: Others | Confidence: 0.7113
2026-02-17 13:09:14,897 | CLN_029.png | Pred: Others | Confidence: 0.9188
2026-02-17 13:09:14,958 | CLN_030.png | Pred: Others | Confidence: 0.9971
2026-02-17 13:09:15,029 | CLN_031.png | Pred: Flakes | Confidence: 0.8003
2026-02-17 13:09:15,116 | CLN_032.png | Pred: Others | Confidence: 0.9994
2026-02-17 13:09:15,187 | CLN_033.png | Pred: Others | Confidence: 0.9542
2026-02-17 13:09:15,278 | BRG_001.png | Pred: Others | Confidence: 0.9932
2026-02-17 13:09:15,381 | BRG_002.png | Pred: Others | Confidence: 1.0000
2026-02-17 13:09:15,488 | BRG_003.png | Pred: Others | Confidence: 0.9992
2026-02-17 13:09:15,568 | BRG_004.png | Pred: Others | Confidence: 0.5114
2026-02-17 13:09:15,660 | BRG_005.png | Pred: Others | Confidence: 0.9992
2026-02-17 13:09:15,746 | BRG_006.png | Pred: Residues | Confidence: 0.8751
2026-02-17 13:09:15,809 | BRG_007.png | Pred: Others | Confidence: 0.8603
2026-02-17 13:09:15,878 | BRG_008.png | Pred: Clean | Confidence: 0.9908
2026-02-17 13:09:15,960 | BRG_009.png | Pred: Others | Confidence: 0.9837
2026-02-17 13:09:16,043 | BRG_010.png | Pred: Others | Confidence: 0.9981
2026-02-17 13:09:16,125 | BRG_011.png | Pred: Others | Confidence: 0.7285
2026-02-17 13:09:16,200 | BRG_012.png | Pred: Others | Confidence: 0.9983
2026-02-17 13:09:16,287 | BRG_013.png | Pred: Others | Confidence: 0.9986
2026-02-17 13:09:16,358 | BRG_014.png | Pred: Others | Confidence: 0.9919
2026-02-17 13:09:16,426 | BRG_015.png | Pred: Others | Confidence: 0.9836
2026-02-17 13:09:16,488 | BRG_016.png | Pred: Others | Confidence: 0.9995
2026-02-17 13:09:16,567 | BRG_017.png | Pred: Others | Confidence: 0.9492
2026-02-17 13:09:16,642 | BRG_018.png | Pred: Others | Confidence: 0.9987
2026-02-17 13:09:16,714 | BRG_019.png | Pred: Clean | Confidence: 0.6728
2026-02-17 13:09:16,811 | BRG_020.png | Pred: Flakes | Confidence: 0.9031
2026-02-17 13:09:16,919 | BRG_021.png | Pred: Others | Confidence: 1.0000
2026-02-17 13:09:16,980 | BRG_022.png | Pred: Others | Confidence: 0.9851
2026-02-17 13:09:17,058 | BRG_023.png | Pred: Others | Confidence: 0.5146
2026-02-17 13:09:17,158 | BRG_024.png | Pred: Others | Confidence: 0.8316
2026-02-17 13:09:17,226 | BRG_025.png | Pred: Clean | Confidence: 0.3669
2026-02-17 13:09:17,323 | BRG_026.png | Pred: Others | Confidence: 0.9557
2026-02-17 13:09:17,397 | BRG_027.png | Pred: Others | Confidence: 1.0000
2026-02-17 13:09:17,473 | BRG_028.png | Pred: Others | Confidence: 0.9900
2026-02-17 13:09:17,571 | BRG_029.png | Pred: Others | Confidence: 1.0000
2026-02-17 13:09:17,690 | BRG_030.png | Pred: Others | Confidence: 0.9998
2026-02-17 13:09:17,764 | BRG_031.png | Pred: Others | Confidence: 0.9997
2026-02-17 13:09:17,845 | BRG_032.png | Pred: Others | Confidence: 0.9999
2026-02-17 13:09:17,917 | CMP_001.png | Pred: Others | Confidence: 1.0000
2026-02-17 13:09:17,990 | CMP_002.png | Pred: Others | Confidence: 0.9995
2026-02-17 13:09:18,068 | CMP_003.png | Pred: Others | Confidence: 0.9551
2026-02-17 13:09:18,134 | CMP_004.png | Pred: Others | Confidence: 0.5606
2026-02-17 13:09:18,195 | CMP_005.png | Pred: Others | Confidence: 0.7895
2026-02-17 13:09:18,268 | CMP_006.png | Pred: Craters | Confidence: 0.4242
2026-02-17 13:09:18,351 | CMP_007.png | Pred: Others | Confidence: 0.9721
2026-02-17 13:09:18,407 | CMP_008.png | Pred: Others | Confidence: 0.4988
2026-02-17 13:09:18,467 | CMP_009.png | Pred: Others | Confidence: 0.5236
2026-02-17 13:09:18,527 | CMP_010.png | Pred: Others | Confidence: 0.9994
2026-02-17 13:09:18,603 | CMP_011.png | Pred: Others | Confidence: 0.8259
2026-02-17 13:09:18,671 | CMP_012.png | Pred: Others | Confidence: 0.9552
2026-02-17 13:09:18,737 | CMP_013.png | Pred: Others | Confidence: 0.9845
2026-02-17 13:09:18,803 | CMP_014.png | Pred: Others | Confidence: 1.0000
2026-02-17 13:09:18,888 | CMP_015.png | Pred: Others | Confidence: 0.5702
2026-02-17 13:09:18,958 | CMP_016.png | Pred: Others | Confidence: 0.7786
2026-02-17 13:09:19,049 | CMP_017.png | Pred: Others | Confidence: 0.9910
2026-02-17 13:09:19,132 | CMP_018.png | Pred: Ball Defects | Confidence: 0.8035
2026-02-17 13:09:19,222 | CMP_019.png | Pred: Others | Confidence: 0.9976
2026-02-17 13:09:19,313 | CMP_020.png | Pred: Scratches | Confidence: 0.9978
2026-02-17 13:09:19,399 | CMP_021.png | Pred: Others | Confidence: 0.8806
2026-02-17 13:09:19,484 | CMP_022.png | Pred: Others | Confidence: 0.9987
2026-02-17 13:09:19,554 | CMP_023.png | Pred: Others | Confidence: 0.9106
2026-02-17 13:09:19,714 | CMP_024.png | Pred: Others | Confidence: 0.9345
2026-02-17 13:09:19,809 | CMP_025.png | Pred: Others | Confidence: 0.9992
2026-02-17 13:09:19,984 | CMP_026.png | Pred: Others | Confidence: 0.9784
2026-02-17 13:09:20,069 | CMP_027.png | Pred: Others | Confidence: 0.9807
2026-02-17 13:09:20,161 | CMP_028.png | Pred: Others | Confidence: 0.9955
2026-02-17 13:09:20,241 | CMP_029.png | Pred: Others | Confidence: 0.9390
2026-02-17 13:09:20,315 | CMP_030.png | Pred: Scratches | Confidence: 0.9874
2026-02-17 13:09:20,386 | CRK_001.png | Pred: Others | Confidence: 1.0000
2026-02-17 13:09:20,450 | CRK_002.png | Pred: Others | Confidence: 0.9999
2026-02-17 13:09:20,517 | CRK_003.png | Pred: Others | Confidence: 0.9201
2026-02-17 13:09:20,588 | CRK_004.png | Pred: Others | Confidence: 0.9981
2026-02-17 13:09:20,661 | CRK_005.png | Pred: Others | Confidence: 0.9981
2026-02-17 13:09:20,749 | CRK_006.png | Pred: Others | Confidence: 0.9624
2026-02-17 13:09:20,825 | CRK_007.png | Pred: Others | Confidence: 0.7230
2026-02-17 13:09:20,900 | CRK_008.png | Pred: Others | Confidence: 0.6304
2026-02-17 13:09:20,964 | CRK_009.png | Pred: Others | Confidence: 0.9611
2026-02-17 13:09:21,026 | CRK_010.png | Pred: Scratches | Confidence: 0.5979
2026-02-17 13:09:21,092 | CRK_011.png | Pred: Flakes | Confidence: 0.9810
2026-02-17 13:09:21,171 | CRK_012.png | Pred: Flakes | Confidence: 0.7482
2026-02-17 13:09:21,240 | CRK_013.png | Pred: Residues | Confidence: 0.5885
2026-02-17 13:09:21,312 | CRK_014.png | Pred: Others | Confidence: 0.8454
2026-02-17 13:09:21,407 | CRK_015.png | Pred: Others | Confidence: 0.5692
2026-02-17 13:09:21,485 | CRK_016.png | Pred: Others | Confidence: 0.7881
2026-02-17 13:09:21,571 | CRK_017.png | Pred: Flakes | Confidence: 0.8522
2026-02-17 13:09:21,637 | CRK_018.png | Pred: Others | Confidence: 0.9929
2026-02-17 13:09:21,705 | CRK_019.png | Pred: Others | Confidence: 0.6659
2026-02-17 13:09:21,777 | CRK_020.png | Pred: Flakes | Confidence: 0.8294
2026-02-17 13:09:21,843 | CRK_021.png | Pred: Others | Confidence: 0.9672
2026-02-17 13:09:21,914 | CRK_022.png | Pred: Others | Confidence: 0.9999
2026-02-17 13:09:21,988 | CRK_023.png | Pred: Others | Confidence: 0.7939
2026-02-17 13:09:22,055 | CRK_024.png | Pred: Residues | Confidence: 0.8088
2026-02-17 13:09:22,116 | CRK_025.png | Pred: Others | Confidence: 0.8290
2026-02-17 13:09:22,184 | CRK_026.png | Pred: Residues | Confidence: 0.9553
2026-02-17 13:09:22,261 | CRK_027.png | Pred: Others | Confidence: 0.4620
2026-02-17 13:09:22,330 | CRK_028.png | Pred: Residues | Confidence: 0.5386
2026-02-17 13:09:22,399 | CRK_029.png | Pred: Residues | Confidence: 0.9487
2026-02-17 13:09:22,472 | CRK_030.png | Pred: Others | Confidence: 0.7198
2026-02-17 13:09:22,560 | CRK_031.png | Pred: Residues | Confidence: 0.9896
2026-02-17 13:09:22,622 | LER_001.png | Pred: Others | Confidence: 0.9784
2026-02-17 13:09:22,690 | LER_002.png | Pred: Others | Confidence: 0.9988
2026-02-17 13:09:22,754 | LER_003.png | Pred: Others | Confidence: 0.7248
2026-02-17 13:09:22,823 | LER_004.png | Pred: Others | Confidence: 0.9994
2026-02-17 13:09:22,892 | LER_005.png | Pred: Flakes | Confidence: 0.8846
2026-02-17 13:09:22,953 | LER_006.png | Pred: Others | Confidence: 0.9918
2026-02-17 13:09:23,018 | LER_007.png | Pred: Others | Confidence: 0.9987
2026-02-17 13:09:23,094 | LER_008.png | Pred: Others | Confidence: 0.4680
2026-02-17 13:09:23,159 | LER_009.png | Pred: Others | Confidence: 0.9995
2026-02-17 13:09:23,214 | LER_010.png | Pred: Others | Confidence: 0.9995
2026-02-17 13:09:23,277 | LER_011.png | Pred: Others | Confidence: 0.9969
2026-02-17 13:09:23,343 | LER_012.png | Pred: Others | Confidence: 0.9999
2026-02-17 13:09:23,405 | LER_013.png | Pred: Others | Confidence: 0.9996
2026-02-17 13:09:23,460 | LER_014.png | Pred: Others | Confidence: 0.5929
2026-02-17 13:09:23,519 | LER_015.png | Pred: Others | Confidence: 0.9909
2026-02-17 13:09:23,586 | LER_016.png | Pred: Others | Confidence: 0.9752
2026-02-17 13:09:23,641 | LER_017.png | Pred: Others | Confidence: 0.9139
2026-02-17 13:09:23,696 | LER_018.png | Pred: Others | Confidence: 0.9997
2026-02-17 13:09:23,741 | LER_019.png | Pred: Others | Confidence: 0.9873
2026-02-17 13:09:23,783 | LER_020.png | Pred: Others | Confidence: 0.9995
2026-02-17 13:09:23,828 | LER_021.png | Pred: Others | Confidence: 0.9816
2026-02-17 13:09:23,898 | LER_022.png | Pred: Others | Confidence: 0.9999
2026-02-17 13:09:23,956 | LER_023.png | Pred: Others | Confidence: 0.9999
2026-02-17 13:09:24,007 | LER_024.png | Pred: Others | Confidence: 1.0000
2026-02-17 13:09:24,084 | LER_025.png | Pred: Others | Confidence: 0.9995
2026-02-17 13:09:24,152 | LER_026.png | Pred: Others | Confidence: 0.6642
2026-02-17 13:09:24,239 | LER_027.png | Pred: Others | Confidence: 0.9998
2026-02-17 13:09:24,319 | LER_028.png | Pred: Others | Confidence: 0.9782
2026-02-17 13:09:24,386 | LER_029.png | Pred: Others | Confidence: 1.0000
2026-02-17 13:09:24,460 | LER_030.png | Pred: Others | Confidence: 0.9981
2026-02-17 13:09:24,530 | OPN_001.png | Pred: Clean | Confidence: 0.6036
2026-02-17 13:09:24,595 | OPN_002.png | Pred: Others | Confidence: 0.9972
2026-02-17 13:09:24,655 | OPN_003.png | Pred: Others | Confidence: 0.9995
2026-02-17 13:09:24,736 | OPN_004.png | Pred: Others | Confidence: 0.4865
2026-02-17 13:09:24,808 | OPN_005.png | Pred: Clean | Confidence: 0.4811
2026-02-17 13:09:24,885 | OPN_006.png | Pred: Others | Confidence: 0.9992
2026-02-17 13:09:24,958 | OPN_007.png | Pred: Clean | Confidence: 0.8315
2026-02-17 13:09:25,041 | OPN_008.png | Pred: Others | Confidence: 0.9766
2026-02-17 13:09:25,124 | OPN_009.png | Pred: Residues | Confidence: 0.5337
2026-02-17 13:09:25,202 | OPN_010.png | Pred: Others | Confidence: 0.9167
2026-02-17 13:09:25,286 | OPN_011.png | Pred: Others | Confidence: 0.9999
2026-02-17 13:09:25,361 | OPN_012.png | Pred: Others | Confidence: 0.9938
2026-02-17 13:09:25,461 | OPN_013.png | Pred: Others | Confidence: 0.9995
2026-02-17 13:09:25,538 | OPN_014.png | Pred: Others | Confidence: 0.9975
2026-02-17 13:09:25,620 | OPN_015.png | Pred: Others | Confidence: 0.9922
2026-02-17 13:09:25,688 | OPN_016.png | Pred: Others | Confidence: 0.9838
2026-02-17 13:09:25,754 | OPN_017.png | Pred: Others | Confidence: 0.9980
2026-02-17 13:09:25,834 | OPN_018.png | Pred: Others | Confidence: 1.0000
2026-02-17 13:09:25,939 | OPN_019.png | Pred: Others | Confidence: 0.9977
2026-02-17 13:09:25,995 | OPN_020.png | Pred: Others | Confidence: 0.9984
2026-02-17 13:09:26,059 | OPN_021.png | Pred: Clean | Confidence: 0.6119
2026-02-17 13:09:26,104 | OPN_022.png | Pred: Others | Confidence: 0.9838
2026-02-17 13:09:26,149 | OPN_023.png | Pred: Others | Confidence: 0.9917
2026-02-17 13:09:26,199 | OPN_024.png | Pred: Others | Confidence: 0.9277
2026-02-17 13:09:26,260 | OPN_025.png | Pred: Others | Confidence: 0.9945
2026-02-17 13:09:26,317 | OPN_026.png | Pred: Others | Confidence: 0.9998
2026-02-17 13:09:26,379 | OPN_027.png | Pred: Clean | Confidence: 0.5734
2026-02-17 13:09:26,425 | OPN_028.png | Pred: Scratches | Confidence: 0.6395
2026-02-17 13:09:26,491 | OPN_029.png | Pred: Others | Confidence: 0.6761
2026-02-17 13:09:26,538 | OPN_030.png | Pred: Others | Confidence: 0.9788
2026-02-17 13:09:26,587 | OTH_001.png | Pred: Others | Confidence: 0.9988
2026-02-17 13:09:26,644 | OTH_002.png | Pred: Others | Confidence: 0.9132
2026-02-17 13:09:26,726 | OTH_003.png | Pred: Others | Confidence: 0.9989
2026-02-17 13:09:26,791 | OTH_004.png | Pred: Others | Confidence: 0.9991
2026-02-17 13:09:26,858 | OTH_005.png | Pred: Residues | Confidence: 0.5118
2026-02-17 13:09:26,906 | OTH_006.png | Pred: Others | Confidence: 0.9983
2026-02-17 13:09:26,953 | OTH_007.png | Pred: Craters | Confidence: 0.5533
2026-02-17 13:09:27,004 | OTH_008.png | Pred: Others | Confidence: 1.0000
2026-02-17 13:09:27,044 | OTH_009.png | Pred: Others | Confidence: 0.9210
2026-02-17 13:09:27,100 | OTH_010.png | Pred: Others | Confidence: 0.5438
2026-02-17 13:09:27,143 | OTH_011.png | Pred: Others | Confidence: 0.9964
2026-02-17 13:09:27,196 | OTH_012.png | Pred: Scratches | Confidence: 0.5093
2026-02-17 13:09:27,256 | OTH_013.png | Pred: Clean | Confidence: 0.9365
2026-02-17 13:09:27,315 | OTH_014.png | Pred: Others | Confidence: 0.9930
2026-02-17 13:09:27,376 | OTH_015.png | Pred: Others | Confidence: 0.9929
2026-02-17 13:09:27,418 | OTH_016.png | Pred: Others | Confidence: 0.5684
2026-02-17 13:09:27,468 | OTH_017.png | Pred: Others | Confidence: 0.9974
2026-02-17 13:09:27,519 | OTH_018.png | Pred: Flakes | Confidence: 0.4128
2026-02-17 13:09:27,582 | OTH_019.png | Pred: Others | Confidence: 0.6889
2026-02-17 13:09:27,636 | OTH_020.png | Pred: Flakes | Confidence: 0.9215
2026-02-17 13:09:27,686 | OTH_021.png | Pred: Others | Confidence: 0.9811
2026-02-17 13:09:27,746 | OTH_022.png | Pred: Others | Confidence: 0.9725
2026-02-17 13:09:27,973 | OTH_023.png | Pred: Others | Confidence: 0.9972
2026-02-17 13:09:28,045 | OTH_024.png | Pred: Residues | Confidence: 0.5264
2026-02-17 13:09:28,105 | OTH_025.png | Pred: Clean | Confidence: 0.6926
2026-02-17 13:09:28,166 | OTH_026.png | Pred: Residues | Confidence: 0.5198
2026-02-17 13:09:28,240 | OTH_027.png | Pred: Others | Confidence: 0.8686
2026-02-17 13:09:28,313 | OTH_028.png | Pred: Others | Confidence: 0.6287
2026-02-17 13:09:28,375 | OTH_029.png | Pred: Residues | Confidence: 0.9939
2026-02-17 13:09:28,455 | OTH_030.png | Pred: Residues | Confidence: 0.5792
2026-02-17 13:09:28,523 | OTH_031.png | Pred: Flakes | Confidence: 0.9547
2026-02-17 13:09:28,588 | OTH_032.png | Pred: Others | Confidence: 0.9999
2026-02-17 13:09:28,638 | OTH_033.png | Pred: Others | Confidence: 0.9954
2026-02-17 13:09:28,696 | OTH_034.png | Pred: Residues | Confidence: 0.9440
2026-02-17 13:09:28,743 | OTH_035.png | Pred: Others | Confidence: 0.5172
2026-02-17 13:09:28,798 | OTH_036.png | Pred: Residues | Confidence: 0.9993
2026-02-17 13:09:28,855 | OTH_037.png | Pred: Residues | Confidence: 0.7245
2026-02-17 13:09:28,914 | OTH_038.png | Pred: Residues | Confidence: 0.7914
2026-02-17 13:09:28,980 | OTH_039.png | Pred: Others | Confidence: 0.9991
2026-02-17 13:09:29,052 | OTH_040.png | Pred: Flakes | Confidence: 0.5954
2026-02-17 13:09:29,133 | OTH_041.png | Pred: Residues | Confidence: 0.6417
2026-02-17 13:09:29,197 | OTH_042.png | Pred: Others | Confidence: 0.9455
2026-02-17 13:09:29,257 | OTH_043.png | Pred: Others | Confidence: 0.7753
2026-02-17 13:09:29,318 | OTH_044.png | Pred: Others | Confidence: 0.9944
2026-02-17 13:09:29,381 | OTH_045.png | Pred: Others | Confidence: 0.8124
2026-02-17 13:09:29,437 | OTH_046.png | Pred: Residues | Confidence: 0.9933
2026-02-17 13:09:29,490 | OTH_047.png | Pred: Others | Confidence: 1.0000
2026-02-17 13:09:29,542 | OTH_048.png | Pred: Residues | Confidence: 0.7752
2026-02-17 13:09:29,598 | OTH_049.png | Pred: Scratches | Confidence: 0.8839
2026-02-17 13:09:29,654 | OTH_050.png | Pred: Others | Confidence: 0.9958
2026-02-17 13:09:29,702 | VIA_001.png | Pred: Others | Confidence: 0.4901
2026-02-17 13:09:29,743 | VIA_002.png | Pred: Others | Confidence: 0.9025
2026-02-17 13:09:29,791 | VIA_003.png | Pred: Residues | Confidence: 0.9081
2026-02-17 13:09:29,835 | VIA_004.png | Pred: Residues | Confidence: 0.9188
2026-02-17 13:09:29,896 | VIA_005.png | Pred: Residues | Confidence: 0.9188
2026-02-17 13:09:29,959 | VIA_006.png | Pred: Others | Confidence: 0.9978
2026-02-17 13:09:30,031 | VIA_007.png | Pred: Others | Confidence: 0.9609
2026-02-17 13:09:30,087 | VIA_008.png | Pred: Others | Confidence: 0.7253
2026-02-17 13:09:30,145 | VIA_009.png | Pred: Others | Confidence: 0.9323
2026-02-17 13:09:30,207 | VIA_010.png | Pred: Others | Confidence: 0.8573
2026-02-17 13:09:30,273 | VIA_011.png | Pred: Residues | Confidence: 0.7407
2026-02-17 13:09:30,340 | VIA_012.png | Pred: Others | Confidence: 0.6668
2026-02-17 13:09:30,427 | VIA_013.png | Pred: Residues | Confidence: 0.5540
2026-02-17 13:09:30,509 | VIA_014.png | Pred: Others | Confidence: 0.9971
2026-02-17 13:09:30,624 | VIA_015.png | Pred: Others | Confidence: 0.7788
2026-02-17 13:09:30,724 | VIA_016.png | Pred: Others | Confidence: 0.9429
2026-02-17 13:09:30,817 | VIA_017.png | Pred: Flakes | Confidence: 0.9565
2026-02-17 13:09:30,909 | VIA_018.png | Pred: Others | Confidence: 0.9988
2026-02-17 13:09:30,986 | VIA_019.png | Pred: Others | Confidence: 0.9986
2026-02-17 13:09:31,058 | VIA_020.png | Pred: Others | Confidence: 0.9988
2026-02-17 13:09:31,111 | VIA_021.png | Pred: Others | Confidence: 0.9991
2026-02-17 13:09:31,174 | VIA_022.png | Pred: Flakes | Confidence: 0.5054
2026-02-17 13:09:31,238 | VIA_023.png | Pred: Others | Confidence: 0.9992
2026-02-17 13:09:31,303 | VIA_024.png | Pred: Others | Confidence: 0.9834
2026-02-17 13:09:31,366 | VIA_025.png | Pred: Others | Confidence: 0.9979
2026-02-17 13:09:31,430 | VIA_026.png | Pred: Others | Confidence: 0.8019
2026-02-17 13:09:31,485 | VIA_027.png | Pred: Others | Confidence: 0.9999
2026-02-17 13:09:31,553 | VIA_028.png | Pred: Residues | Confidence: 0.6331
2026-02-17 13:09:31,612 | VIA_029.png | Pred: Residues | Confidence: 0.5992
2026-02-17 13:09:31,674 | VIA_030.png | Pred: Others | Confidence: 0.9838
2026-02-17 13:09:31,734 | PRT_001.png | Pred: Craters | Confidence: 0.9615
2026-02-17 13:09:31,798 | PRT_002.png | Pred: Residues | Confidence: 0.9992
2026-02-17 13:09:31,853 | PRT_003.png | Pred: Others | Confidence: 0.9978
2026-02-17 13:09:31,899 | PRT_004.png | Pred: Others | Confidence: 1.0000
2026-02-17 13:09:31,954 | PRT_005.png | Pred: Others | Confidence: 1.0000
2026-02-17 13:09:32,007 | PRT_006.png | Pred: Others | Confidence: 0.9964
2026-02-17 13:09:32,072 | PRT_007.png | Pred: Particles | Confidence: 0.7673
2026-02-17 13:09:32,137 | PRT_008.png | Pred: Others | Confidence: 0.9898
2026-02-17 13:09:32,211 | PRT_009.png | Pred: Others | Confidence: 0.9782
2026-02-17 13:09:32,268 | PRT_010.png | Pred: Others | Confidence: 0.9985
2026-02-17 13:09:32,323 | PRT_011.png | Pred: Others | Confidence: 0.9602
2026-02-17 13:09:32,375 | PRT_012.png | Pred: Others | Confidence: 0.9993
2026-02-17 13:09:32,428 | PRT_013.png | Pred: Flakes | Confidence: 0.8763
2026-02-17 13:09:32,473 | PRT_014.png | Pred: Scratches | Confidence: 0.5300
2026-02-17 13:09:32,525 | PRT_015.png | Pred: Others | Confidence: 0.6653
2026-02-17 13:09:32,574 | PRT_016.png | Pred: Ball Defects | Confidence: 0.9114
2026-02-17 13:09:32,629 | PRT_017.png | Pred: Craters | Confidence: 0.4001
2026-02-17 13:09:32,688 | PRT_018.png | Pred: Ball Defects | Confidence: 0.9912
2026-02-17 13:09:32,750 | PRT_019.png | Pred: Residues | Confidence: 0.9777
2026-02-17 13:09:32,811 | PRT_020.png | Pred: Others | Confidence: 0.9982
2026-02-17 13:09:32,875 | PRT_021.png | Pred: Particles | Confidence: 0.9155
2026-02-17 13:09:32,932 | PRT_022.png | Pred: Others | Confidence: 0.3328
2026-02-17 13:09:32,992 | PRT_023.png | Pred: Scratches | Confidence: 0.8977
2026-02-17 13:09:33,038 | PRT_024.png | Pred: Clean | Confidence: 0.3454
2026-02-17 13:09:33,081 | PRT_025.png | Pred: Others | Confidence: 0.9170
2026-02-17 13:09:33,127 | PRT_026.png | Pred: Others | Confidence: 0.9998
2026-02-17 13:09:33,173 | PRT_027.png | Pred: Ball Defects | Confidence: 0.4682
2026-02-17 13:09:33,229 | PRT_028.png | Pred: Others | Confidence: 0.9996
2026-02-17 13:09:33,283 | PRT_029.png | Pred: Others | Confidence: 0.8644
2026-02-17 13:09:33,335 | PRT_030.png | Pred: Particles | Confidence: 0.6791
